<?xml version="1.0" encoding="UTF-8"?>
<!-- Generated by org.testng.reporters.JUnitXMLReporter -->
<testsuite hostname="LAPTOP-0OMSJ8N4" ignored="0" name="SampleTestcase for package" tests="4" failures="0" timestamp="2020-04-10T23:56:59 IST" time="0.016" errors="0">
  <testcase name="Sampleclass1Meth1" time="0.001" classname="com.testng.training.SampleClass1"/>
  <testcase name="Sampleclass1Meth2" time="0.002" classname="com.testng.training.SampleClass1"/>
  <testcase name="Sampleclass2Meth1" time="0.001" classname="com.testng.training.SampleCLass2"/>
  <testcase name="Sampleclass2Meth2" time="0.002" classname="com.testng.training.SampleCLass2"/>
</testsuite> <!-- SampleTestcase for package -->
