<?xml version="1.0" encoding="UTF-8"?>
<!-- Generated by org.testng.reporters.JUnitXMLReporter -->
<testsuite hostname="LAPTOP-0OMSJ8N4" ignored="2" name="Group Funtionality" tests="2" failures="0" timestamp="2020-04-11T23:51:23 IST" time="0.041" errors="0">
  <testcase name="Test1" time="0.009" classname="com.testng.training.TestcaseGrouping"/>
  <testcase name="Test2" time="0.001" classname="com.testng.training.TestcaseGrouping"/>
  <testcase name="Test4" time="0.0" classname="com.testng.training.TestcaseGrouping">
    <ignored/>
  </testcase> <!-- Test4 -->
  <testcase name="Test3" time="0.0" classname="com.testng.training.TestcaseGrouping">
    <ignored/>
  </testcase> <!-- Test3 -->
</testsuite> <!-- Group Funtionality -->
