<?xml version="1.0" encoding="UTF-8"?>
<!-- Generated by org.testng.reporters.JUnitXMLReporter -->
<testsuite hostname="LAPTOP-0OMSJ8N4" ignored="0" name="Default test" tests="3" failures="0" timestamp="04 Sep 2021 03:07:59 GMT" time="317.493" errors="0">
  <testcase name="registrationTest" time="87.429" classname="com.qa.democart.tests.RegistrationPageTest"/>
  <testcase name="registrationTest" time="88.218" classname="com.qa.democart.tests.RegistrationPageTest"/>
  <testcase name="registrationTest" time="89.294" classname="com.qa.democart.tests.RegistrationPageTest"/>
</testsuite> <!-- Default test -->
