<?xml version="1.0" encoding="UTF-8"?>
<testng-results skipped="0" failed="1" ignored="0" total="1" passed="0">
  <reporter-output>
  </reporter-output>
  <suite name="Default suite" duration-ms="36138" started-at="2021-06-15T10:08:42 IST" finished-at="2021-06-15T10:09:18 IST">
    <groups>
    </groups>
    <test name="Default test" duration-ms="36138" started-at="2021-06-15T10:08:42 IST" finished-at="2021-06-15T10:09:18 IST">
      <class name="com.selenium.masterpart2.HandleMultileWindows">
        <test-method status="PASS" signature="openBrowser()[pri:0, instance:com.selenium.masterpart2.HandleMultileWindows@6c3708b3]" name="openBrowser" is-config="true" duration-ms="3166" started-at="2021-06-15T10:08:42 IST" finished-at="2021-06-15T10:08:45 IST">
          <reporter-output>
          </reporter-output>
        </test-method> <!-- openBrowser -->
        <test-method status="FAIL" signature="handleMultiTabsd()[pri:0, instance:com.selenium.masterpart2.HandleMultileWindows@6c3708b3]" name="handleMultiTabsd" duration-ms="32049" started-at="2021-06-15T10:08:45 IST" finished-at="2021-06-15T10:09:17 IST">
          <exception class="java.util.NoSuchElementException">
            <full-stacktrace>
              <![CDATA[java.util.NoSuchElementException
at java.util.LinkedHashMap$LinkedHashIterator.nextNode(Unknown Source)
at java.util.LinkedHashMap$LinkedKeyIterator.next(Unknown Source)
at com.selenium.masterpart2.HandleMultileWindows.handleMultiTabsd(HandleMultileWindows.java:61)
at sun.reflect.NativeMethodAccessorImpl.invoke0(Native Method)
at sun.reflect.NativeMethodAccessorImpl.invoke(Unknown Source)
at sun.reflect.DelegatingMethodAccessorImpl.invoke(Unknown Source)
at java.lang.reflect.Method.invoke(Unknown Source)
at org.testng.internal.MethodInvocationHelper.invokeMethod(MethodInvocationHelper.java:133)
at org.testng.internal.TestInvoker.invokeMethod(TestInvoker.java:584)
at org.testng.internal.TestInvoker.invokeTestMethod(TestInvoker.java:172)
at org.testng.internal.MethodRunner.runInSequence(MethodRunner.java:46)
at org.testng.internal.TestInvoker$MethodInvocationAgent.invoke(TestInvoker.java:804)
at org.testng.internal.TestInvoker.invokeTestMethods(TestInvoker.java:145)
at org.testng.internal.TestMethodWorker.invokeTestMethods(TestMethodWorker.java:146)
at org.testng.internal.TestMethodWorker.run(TestMethodWorker.java:128)
at java.util.ArrayList.forEach(Unknown Source)
at org.testng.TestRunner.privateRun(TestRunner.java:770)
at org.testng.TestRunner.run(TestRunner.java:591)
at org.testng.SuiteRunner.runTest(SuiteRunner.java:402)
at org.testng.SuiteRunner.runSequentially(SuiteRunner.java:396)
at org.testng.SuiteRunner.privateRun(SuiteRunner.java:355)
at org.testng.SuiteRunner.run(SuiteRunner.java:304)
at org.testng.SuiteRunnerWorker.runSuite(SuiteRunnerWorker.java:53)
at org.testng.SuiteRunnerWorker.run(SuiteRunnerWorker.java:96)
at org.testng.TestNG.runSuitesSequentially(TestNG.java:1180)
at org.testng.TestNG.runSuitesLocally(TestNG.java:1102)
at org.testng.TestNG.runSuites(TestNG.java:1032)
at org.testng.TestNG.run(TestNG.java:1000)
at org.testng.remote.AbstractRemoteTestNG.run(AbstractRemoteTestNG.java:115)
at org.testng.remote.RemoteTestNG.initAndRun(RemoteTestNG.java:251)
at org.testng.remote.RemoteTestNG.main(RemoteTestNG.java:77)
]]>
            </full-stacktrace>
          </exception> <!-- java.util.NoSuchElementException -->
          <reporter-output>
          </reporter-output>
        </test-method> <!-- handleMultiTabsd -->
        <test-method status="PASS" signature="closeBrowser()[pri:0, instance:com.selenium.masterpart2.HandleMultileWindows@6c3708b3]" name="closeBrowser" is-config="true" duration-ms="864" started-at="2021-06-15T10:09:17 IST" finished-at="2021-06-15T10:09:18 IST">
          <reporter-output>
          </reporter-output>
        </test-method> <!-- closeBrowser -->
      </class> <!-- com.selenium.masterpart2.HandleMultileWindows -->
    </test> <!-- Default test -->
  </suite> <!-- Default suite -->
</testng-results>
