<?xml version="1.0" encoding="UTF-8"?>
<!-- Generated by org.testng.reporters.JUnitXMLReporter -->
<testsuite hostname="LAPTOP-0OMSJ8N4" ignored="1" name="Rediff Mail Test(failed)(failed)" tests="1" failures="0" timestamp="14 Aug 2021 11:52:06 GMT" time="23.292" errors="0">
  <testcase name="pageTitleTest" time="0.059" classname="testNGpractice.RediffMailTest"/>
  <testcase name="pageURLTest" time="0.0" classname="testNGpractice.RediffMailTest">
    <ignored/>
  </testcase> <!-- pageURLTest -->
</testsuite> <!-- Rediff Mail Test(failed)(failed) -->
