<?xml version="1.0" encoding="UTF-8"?>
<!-- Generated by org.testng.reporters.JUnitXMLReporter -->
<testsuite hostname="LAPTOP-0OMSJ8N4" ignored="0" name="Default test" tests="2" failures="0" timestamp="2021-07-31T22:46:34 IST" time="93.122" errors="0">
  <testcase name="addMoneyToAccount" time="86.887" classname="com.project.playzerpot.addMoneyToPlayzerpot"/>
  <testcase name="logoutFromAccount" time="2.399" classname="com.project.playzerpot.addMoneyToPlayzerpot"/>
</testsuite> <!-- Default test -->
