<?xml version="1.0" encoding="UTF-8"?>
<!-- Generated by org.testng.reporters.JUnitXMLReporter -->
<testsuite hostname="LAPTOP-0OMSJ8N4" ignored="0" name="Test parameter via xml file" tests="2" failures="0" timestamp="2020-04-19T15:51:45 IST" time="0.011" errors="0">
  <testcase name="Sampleclass1Meth2" time="0.002" classname="com.testng.training.TestParameters"/>
  <testcase name="tc1" time="0.002" classname="com.testng.training.TestParameters"/>
</testsuite> <!-- Test parameter via xml file -->
