<?xml version="1.0" encoding="UTF-8"?>
<!-- Generated by org.testng.reporters.JUnitXMLReporter -->
<testsuite hostname="LAPTOP-0OMSJ8N4" ignored="0" name="Default test" tests="5" failures="0" timestamp="15 Aug 2021 12:53:28 GMT" time="18.614" errors="0">
  <testcase name="login_NegativeTest" time="2.338" classname="testNGpractice.loginPagetest"/>
  <testcase name="login_NegativeTest" time="2.49" classname="testNGpractice.loginPagetest"/>
  <testcase name="login_NegativeTest" time="2.517" classname="testNGpractice.loginPagetest"/>
  <testcase name="login_NegativeTest" time="2.471" classname="testNGpractice.loginPagetest"/>
  <testcase name="login_NegativeTest" time="2.33" classname="testNGpractice.loginPagetest"/>
</testsuite> <!-- Default test -->
